2023-10-08 21:30:34,983 - TestMyLog - INFO - ********************初始化实名认证数据**********************
2023-10-08 21:30:35,049 - TestMyLog - INFO - ********************初始化实名认证数据完成，登录开始**********************
2023-10-08 21:30:36,532 - TestMyLog - INFO - ********************登录结束，进入实名认证操作**********************
2023-10-08 21:30:58,514 - TestMyLog - INFO - ***************检查点：已认证，实名认证测试完成**********************
2023-10-08 21:31:09,580 - TestMyLog - INFO - ********************登录开始**********************
2023-10-08 21:31:11,074 - TestMyLog - INFO - ********************登录结束，进入实名认证操作*********************
2023-10-08 21:31:29,553 - TestMyLog - INFO - ***************检查点：营业执照号已认证其它企业,请勿重复认证多个企业，实名认证测试完成**********************
2023-10-08 21:31:40,490 - TestMyLog - INFO - ****************E信通二级页面，校验企业是否实名认证，测试开始****************
2023-10-08 21:31:44,158 - TestMyLog - INFO - ****************E信通二级页面，校验企业是否实名认证，测试结束****************
2023-10-08 21:31:55,206 - TestMyLog - INFO - ****************E信通二级页面，校验是否登录，测试开始****************
2023-10-08 21:31:55,984 - TestMyLog - INFO - ****************E信通二级页面，校验是否登录，测试结束****************
2023-10-08 21:32:06,774 - TestMyLog - INFO - ****************E信通二级页面，校验授权协议弹出窗，测试开始****************
2023-10-08 21:32:10,916 - TestMyLog - INFO - ****************E信通二级页面，校验授权协议弹出窗，测试结束****************
2023-10-08 21:32:22,062 - TestMyLog - INFO - ********登录测试开始,输入用户名：13730870086输入验证码:230516******
2023-10-08 21:32:27,115 - TestMyLog - INFO - ********登录测试结束，测试结果：********
2023-10-08 21:32:40,910 - TestMyLog - INFO - ********登录测试开始,输入用户名：137308700861输入验证码:230516******
2023-10-08 21:32:42,443 - TestMyLog - INFO - ********登录测试结束，测试结果：********
2023-10-08 21:32:53,689 - TestMyLog - INFO - ********登录测试开始,输入用户名：1373087008输入验证码:230516******
2023-10-08 21:32:55,118 - TestMyLog - INFO - ********登录测试结束，测试结果：********
2023-10-08 21:33:05,985 - TestMyLog - INFO - ********登录测试开始,输入用户名：输入验证码:230516******
2023-10-08 21:33:07,449 - TestMyLog - INFO - ********登录测试结束，测试结果：********
2023-10-08 21:33:18,483 - TestMyLog - INFO - ********登录测试开始,输入用户名：13730870086输入验证码:******
2023-10-08 21:33:19,958 - TestMyLog - INFO - ********登录测试结束，测试结果：********
2023-10-08 21:33:30,941 - TestMyLog - INFO - ********登录测试开始,输入用户名：13730870086输入验证码:230515******
2023-10-08 21:33:32,562 - TestMyLog - INFO - ********登录测试结束，测试结果：********
